<?xml version="1.0" encoding="UTF-8"?>
<!-- Generated by org.testng.reporters.JUnitReportReporter -->
<testsuite skipped="0" hostname="DESKTOP-L8GGCTK" name="com.tgr.RegressionTestScripts.TGRTestCaseGSign" tests="2" failures="0" timestamp="2020-06-23T14:08:05 IST" time="644.609" errors="0">
  <testcase name="TC1" time="314.670" classname="com.tgr.RegressionTestScripts.TGRTestCaseGSign"/>
  <testcase name="TC1" time="329.939" classname="com.tgr.RegressionTestScripts.TGRTestCaseGSign"/>
</testsuite> <!-- com.tgr.RegressionTestScripts.TGRTestCaseGSign -->
