<?xml version="1.0" encoding="UTF-8"?>
<!-- Generated by org.testng.reporters.JUnitReportReporter -->
<testsuite skipped="0" hostname="DESKTOP-L8GGCTK" name="com.tgr.RegressionTestScripts.AgentTGRTestCase" tests="4" failures="0" timestamp="2020-06-23T14:08:05 IST" time="1210.455" errors="0">
  <testcase name="TC1" time="328.283" classname="com.tgr.RegressionTestScripts.AgentTGRTestCase"/>
  <testcase name="TC1" time="225.296" classname="com.tgr.RegressionTestScripts.AgentTGRTestCase"/>
  <testcase name="TC1" time="307.910" classname="com.tgr.RegressionTestScripts.AgentTGRTestCase"/>
  <testcase name="TC1" time="348.966" classname="com.tgr.RegressionTestScripts.AgentTGRTestCase"/>
</testsuite> <!-- com.tgr.RegressionTestScripts.AgentTGRTestCase -->
