<?xml version="1.0" encoding="UTF-8"?>
<!-- Generated by org.testng.reporters.JUnitReportReporter -->
<testsuite skipped="0" hostname="DESKTOP-L8GGCTK" name="com.tgr.TestScripts.TGQTestCase" tests="6" failures="0" timestamp="2019-11-21T12:31:28 IST" time="1194.694" errors="0">
  <testcase name="TC1" time="194.586" classname="com.tgr.TestScripts.TGQTestCase"/>
  <testcase name="TC1" time="196.294" classname="com.tgr.TestScripts.TGQTestCase"/>
  <testcase name="TC1" time="174.597" classname="com.tgr.TestScripts.TGQTestCase"/>
  <testcase name="TC1" time="237.079" classname="com.tgr.TestScripts.TGQTestCase"/>
  <testcase name="TC1" time="192.646" classname="com.tgr.TestScripts.TGQTestCase"/>
  <testcase name="TC1" time="199.492" classname="com.tgr.TestScripts.TGQTestCase"/>
</testsuite> <!-- com.tgr.TestScripts.TGQTestCase -->
