<?xml version="1.0" encoding="UTF-8"?>
<!-- Generated by org.testng.reporters.JUnitReportReporter -->
<testsuite skipped="0" hostname="DESKTOP-L8GGCTK" name="com.tgr.RegressionTestScripts.TGRTestCase" tests="3" failures="0" timestamp="2020-06-15T14:29:06 IST" time="889.495" errors="0">
  <testcase name="TC1" time="328.816" classname="com.tgr.RegressionTestScripts.TGRTestCase"/>
  <testcase name="TC1" time="221.921" classname="com.tgr.RegressionTestScripts.TGRTestCase"/>
  <testcase name="TC1" time="338.758" classname="com.tgr.RegressionTestScripts.TGRTestCase"/>
</testsuite> <!-- com.tgr.RegressionTestScripts.TGRTestCase -->
