<?xml version="1.0" encoding="UTF-8"?>
<!-- Generated by org.testng.reporters.JUnitReportReporter -->
<testsuite skipped="0" hostname="DESKTOP-L8GGCTK" name="com.tgr.RegressionTestScripts.TGQTestCaseESign" tests="1" failures="0" timestamp="2020-06-11T15:51:49 IST" time="302.500" errors="0">
  <testcase name="TC1" time="302.500" classname="com.tgr.RegressionTestScripts.TGQTestCaseESign"/>
</testsuite> <!-- com.tgr.RegressionTestScripts.TGQTestCaseESign -->
