<?xml version="1.0" encoding="UTF-8"?>
<!-- Generated by org.testng.reporters.JUnitReportReporter -->
<testsuite skipped="0" hostname="DESKTOP-L8GGCTK" name="com.tgr.RegressionTestScripts.MyPolicyTestCaseGSign" tests="1" failures="0" timestamp="2020-06-23T14:08:05 IST" time="210.747" errors="0">
  <testcase name="TC1" time="210.747" classname="com.tgr.RegressionTestScripts.MyPolicyTestCaseGSign"/>
</testsuite> <!-- com.tgr.RegressionTestScripts.MyPolicyTestCaseGSign -->
