<?xml version="1.0" encoding="UTF-8"?>
<!-- Generated by org.testng.reporters.JUnitReportReporter -->
<testsuite skipped="0" hostname="DESKTOP-L8GGCTK" name="com.tgr.RegressionTestScripts.HomeOwners" tests="1" failures="0" timestamp="2020-02-27T18:52:24 IST" time="22.874" errors="0">
  <testcase name="TC1" time="22.874" classname="com.tgr.RegressionTestScripts.HomeOwners"/>
</testsuite> <!-- com.tgr.RegressionTestScripts.HomeOwners -->
