<?xml version="1.0" encoding="UTF-8"?>
<!-- Generated by org.testng.reporters.JUnitReportReporter -->
<testsuite skipped="0" hostname="DESKTOP-L8GGCTK" name="com.tgr.TestScripts.TGRTestCase" tests="4" failures="0" timestamp="2019-11-21T12:31:28 IST" time="491.554" errors="0">
  <testcase name="TC1" time="128.954" classname="com.tgr.TestScripts.TGRTestCase"/>
  <testcase name="TC1" time="113.048" classname="com.tgr.TestScripts.TGRTestCase"/>
  <testcase name="TC1" time="146.998" classname="com.tgr.TestScripts.TGRTestCase"/>
  <testcase name="TC1" time="102.554" classname="com.tgr.TestScripts.TGRTestCase"/>
</testsuite> <!-- com.tgr.TestScripts.TGRTestCase -->
