<?xml version="1.0" encoding="UTF-8"?>
<!-- Generated by org.testng.reporters.JUnitReportReporter -->
<testsuite skipped="0" hostname="DESKTOP-L8GGCTK" name="com.tgr.RegressionTestScripts.TGQTestCaseVSign" tests="1" failures="0" timestamp="2020-06-11T16:09:10 IST" time="80.002" errors="0">
  <testcase name="TC1" time="80.002" classname="com.tgr.RegressionTestScripts.TGQTestCaseVSign"/>
</testsuite> <!-- com.tgr.RegressionTestScripts.TGQTestCaseVSign -->
