<?xml version="1.0" encoding="UTF-8"?>
<!-- Generated by org.testng.reporters.JUnitReportReporter -->
<testsuite skipped="0" hostname="DESKTOP-L8GGCTK" name="com.tgr.TestScripts.TestCase" tests="1" failures="0" timestamp="2019-11-15T14:43:45 IST" time="110.478" errors="0">
  <testcase name="TC1" time="110.478" classname="com.tgr.TestScripts.TestCase"/>
</testsuite> <!-- com.tgr.TestScripts.TestCase -->
