<?xml version="1.0" encoding="UTF-8"?>
<!-- Generated by org.testng.reporters.JUnitReportReporter -->
<testsuite skipped="0" hostname="DESKTOP-L8GGCTK" name="com.tgr.SmokeTestTestScripts.TGQTestCase" tests="1" failures="0" timestamp="2019-11-28T13:18:16 IST" time="85.258" errors="0">
  <testcase name="TC1" time="85.258" classname="com.tgr.SmokeTestTestScripts.TGQTestCase"/>
</testsuite> <!-- com.tgr.SmokeTestTestScripts.TGQTestCase -->
