<?xml version="1.0" encoding="UTF-8"?>
<!-- Generated by org.testng.reporters.JUnitReportReporter -->
<testsuite skipped="0" hostname="DESKTOP-L8GGCTK" name="com.tgr.RegressionTestScripts.TGQTestCase" tests="1" failures="0" timestamp="2020-03-16T15:55:04 IST" time="271.766" errors="0">
  <testcase name="TC1" time="271.766" classname="com.tgr.RegressionTestScripts.TGQTestCase"/>
</testsuite> <!-- com.tgr.RegressionTestScripts.TGQTestCase -->
